<?xml version="1.0" encoding="UTF-8"?>
<testng-results skipped="0" failed="1" ignored="0" total="6" passed="5">
  <reporter-output>
  </reporter-output>
  <suite name="Default suite" duration-ms="33092" started-at="2018-11-20T10:17:15Z" finished-at="2018-11-20T10:17:48Z">
    <groups>
    </groups>
    <test name="Default test" duration-ms="33092" started-at="2018-11-20T10:17:15Z" finished-at="2018-11-20T10:17:48Z">
      <class name="Railway.LoginTest">
        <test-method status="PASS" signature="beforeTest()[pri:0, instance:Railway.LoginTest@46d56d67]" name="beforeTest" is-config="true" duration-ms="10" started-at="2018-11-20T10:17:15Z" finished-at="2018-11-20T10:17:15Z">
          <reporter-output>
          </reporter-output>
        </test-method> <!-- beforeTest -->
        <test-method status="PASS" signature="beforeMethod()[pri:0, instance:Railway.LoginTest@46d56d67]" name="beforeMethod" is-config="true" duration-ms="4256" started-at="2018-11-20T10:17:15Z" finished-at="2018-11-20T10:17:19Z">
          <reporter-output>
          </reporter-output>
        </test-method> <!-- beforeMethod -->
        <test-method status="PASS" signature="TC01()[pri:0, instance:Railway.LoginTest@46d56d67]" name="TC01" duration-ms="1052" started-at="2018-11-20T10:17:19Z" description="TC01 - User can log into Railway with valid username and password" finished-at="2018-11-20T10:17:20Z">
          <reporter-output>
          </reporter-output>
        </test-method> <!-- TC01 -->
        <test-method status="PASS" signature="afterMethod()[pri:0, instance:Railway.LoginTest@46d56d67]" name="afterMethod" is-config="true" duration-ms="643" started-at="2018-11-20T10:17:20Z" finished-at="2018-11-20T10:17:21Z">
          <reporter-output>
          </reporter-output>
        </test-method> <!-- afterMethod -->
        <test-method status="PASS" signature="beforeMethod()[pri:0, instance:Railway.LoginTest@46d56d67]" name="beforeMethod" is-config="true" duration-ms="3455" started-at="2018-11-20T10:17:21Z" finished-at="2018-11-20T10:17:24Z">
          <reporter-output>
          </reporter-output>
        </test-method> <!-- beforeMethod -->
        <test-method status="PASS" signature="TC02()[pri:0, instance:Railway.LoginTest@46d56d67]" name="TC02" duration-ms="901" started-at="2018-11-20T10:17:24Z" description="TC02 - User can&#039;t login with blank Username textbox" finished-at="2018-11-20T10:17:25Z">
          <reporter-output>
          </reporter-output>
        </test-method> <!-- TC02 -->
        <test-method status="PASS" signature="afterMethod()[pri:0, instance:Railway.LoginTest@46d56d67]" name="afterMethod" is-config="true" duration-ms="633" started-at="2018-11-20T10:17:25Z" finished-at="2018-11-20T10:17:26Z">
          <reporter-output>
          </reporter-output>
        </test-method> <!-- afterMethod -->
        <test-method status="PASS" signature="beforeMethod()[pri:0, instance:Railway.LoginTest@46d56d67]" name="beforeMethod" is-config="true" duration-ms="3391" started-at="2018-11-20T10:17:26Z" finished-at="2018-11-20T10:17:29Z">
          <reporter-output>
          </reporter-output>
        </test-method> <!-- beforeMethod -->
        <test-method status="PASS" signature="TC03()[pri:0, instance:Railway.LoginTest@46d56d67]" name="TC03" duration-ms="1013" started-at="2018-11-20T10:17:29Z" description="TC03 - User cannot log into Railway with invalid password" finished-at="2018-11-20T10:17:30Z">
          <reporter-output>
          </reporter-output>
        </test-method> <!-- TC03 -->
        <test-method status="PASS" signature="afterMethod()[pri:0, instance:Railway.LoginTest@46d56d67]" name="afterMethod" is-config="true" duration-ms="641" started-at="2018-11-20T10:17:30Z" finished-at="2018-11-20T10:17:31Z">
          <reporter-output>
          </reporter-output>
        </test-method> <!-- afterMethod -->
        <test-method status="PASS" signature="beforeMethod()[pri:0, instance:Railway.LoginTest@46d56d67]" name="beforeMethod" is-config="true" duration-ms="3417" started-at="2018-11-20T10:17:31Z" finished-at="2018-11-20T10:17:34Z">
          <reporter-output>
          </reporter-output>
        </test-method> <!-- beforeMethod -->
        <test-method status="PASS" signature="TC04()[pri:0, instance:Railway.LoginTest@46d56d67]" name="TC04" duration-ms="594" started-at="2018-11-20T10:17:34Z" description="TC04 - Login page displays when un-logged User clicks on Book ticket tab" finished-at="2018-11-20T10:17:35Z">
          <reporter-output>
          </reporter-output>
        </test-method> <!-- TC04 -->
        <test-method status="PASS" signature="afterMethod()[pri:0, instance:Railway.LoginTest@46d56d67]" name="afterMethod" is-config="true" duration-ms="637" started-at="2018-11-20T10:17:35Z" finished-at="2018-11-20T10:17:36Z">
          <reporter-output>
          </reporter-output>
        </test-method> <!-- afterMethod -->
        <test-method status="PASS" signature="beforeMethod()[pri:0, instance:Railway.LoginTest@46d56d67]" name="beforeMethod" is-config="true" duration-ms="3410" started-at="2018-11-20T10:17:36Z" finished-at="2018-11-20T10:17:39Z">
          <reporter-output>
          </reporter-output>
        </test-method> <!-- beforeMethod -->
        <test-method status="FAIL" signature="TC05()[pri:0, instance:Railway.LoginTest@46d56d67]" name="TC05" duration-ms="2518" started-at="2018-11-20T10:17:39Z" description="TC05 - System shows message when user enters wrong password several times" finished-at="2018-11-20T10:17:42Z">
          <exception class="java.lang.AssertionError">
            <message>
              <![CDATA[expected [You have used 4 out of 5 login attempts. After all 5 have been used, you will be unable to login for 15 minutes.] but found [Invalid username or password. Please try again.]]]>
            </message>
            <full-stacktrace>
              <![CDATA[java.lang.AssertionError: expected [You have used 4 out of 5 login attempts. After all 5 have been used, you will be unable to login for 15 minutes.] but found [Invalid username or password. Please try again.]
at org.testng.Assert.fail(Assert.java:96)
at org.testng.Assert.failNotEquals(Assert.java:776)
at org.testng.Assert.assertEqualsImpl(Assert.java:137)
at org.testng.Assert.assertEquals(Assert.java:118)
at org.testng.Assert.assertEquals(Assert.java:453)
at org.testng.Assert.assertEquals(Assert.java:463)
at Railway.LoginTest.TC05(LoginTest.java:78)
at sun.reflect.NativeMethodAccessorImpl.invoke0(Native Method)
at sun.reflect.NativeMethodAccessorImpl.invoke(Unknown Source)
at sun.reflect.DelegatingMethodAccessorImpl.invoke(Unknown Source)
at java.lang.reflect.Method.invoke(Unknown Source)
at org.testng.internal.MethodInvocationHelper.invokeMethod(MethodInvocationHelper.java:124)
at org.testng.internal.Invoker.invokeMethod(Invoker.java:583)
at org.testng.internal.Invoker.invokeTestMethod(Invoker.java:719)
at org.testng.internal.Invoker.invokeTestMethods(Invoker.java:989)
at org.testng.internal.TestMethodWorker.invokeTestMethods(TestMethodWorker.java:125)
at org.testng.internal.TestMethodWorker.run(TestMethodWorker.java:109)
at org.testng.TestRunner.privateRun(TestRunner.java:648)
at org.testng.TestRunner.run(TestRunner.java:505)
at org.testng.SuiteRunner.runTest(SuiteRunner.java:455)
at org.testng.SuiteRunner.runSequentially(SuiteRunner.java:450)
at org.testng.SuiteRunner.privateRun(SuiteRunner.java:415)
at org.testng.SuiteRunner.run(SuiteRunner.java:364)
at org.testng.SuiteRunnerWorker.runSuite(SuiteRunnerWorker.java:52)
at org.testng.SuiteRunnerWorker.run(SuiteRunnerWorker.java:84)
at org.testng.TestNG.runSuitesSequentially(TestNG.java:1208)
at org.testng.TestNG.runSuitesLocally(TestNG.java:1137)
at org.testng.TestNG.runSuites(TestNG.java:1049)
at org.testng.TestNG.run(TestNG.java:1017)
at org.testng.remote.AbstractRemoteTestNG.run(AbstractRemoteTestNG.java:114)
at org.testng.remote.RemoteTestNG.initAndRun(RemoteTestNG.java:251)
at org.testng.remote.RemoteTestNG.main(RemoteTestNG.java:77)
]]>
            </full-stacktrace>
          </exception> <!-- java.lang.AssertionError -->
          <reporter-output>
          </reporter-output>
        </test-method> <!-- TC05 -->
        <test-method status="PASS" signature="afterMethod()[pri:0, instance:Railway.LoginTest@46d56d67]" name="afterMethod" is-config="true" duration-ms="649" started-at="2018-11-20T10:17:42Z" finished-at="2018-11-20T10:17:42Z">
          <reporter-output>
          </reporter-output>
        </test-method> <!-- afterMethod -->
        <test-method status="PASS" signature="beforeMethod()[pri:0, instance:Railway.LoginTest@46d56d67]" name="beforeMethod" is-config="true" duration-ms="3341" started-at="2018-11-20T10:17:42Z" finished-at="2018-11-20T10:17:46Z">
          <reporter-output>
          </reporter-output>
        </test-method> <!-- beforeMethod -->
        <test-method status="PASS" signature="TC06()[pri:0, instance:Railway.LoginTest@46d56d67]" name="TC06" duration-ms="1694" started-at="2018-11-20T10:17:46Z" description="TC06 - Additional pages display once user logged in" finished-at="2018-11-20T10:17:47Z">
          <reporter-output>
          </reporter-output>
        </test-method> <!-- TC06 -->
        <test-method status="PASS" signature="afterMethod()[pri:0, instance:Railway.LoginTest@46d56d67]" name="afterMethod" is-config="true" duration-ms="779" started-at="2018-11-20T10:17:47Z" finished-at="2018-11-20T10:17:48Z">
          <reporter-output>
          </reporter-output>
        </test-method> <!-- afterMethod -->
        <test-method status="PASS" signature="afterTest()[pri:0, instance:Railway.LoginTest@46d56d67]" name="afterTest" is-config="true" duration-ms="22" started-at="2018-11-20T10:17:48Z" finished-at="2018-11-20T10:17:48Z">
          <reporter-output>
          </reporter-output>
        </test-method> <!-- afterTest -->
      </class> <!-- Railway.LoginTest -->
    </test> <!-- Default test -->
  </suite> <!-- Default suite -->
</testng-results>
